<?xml version="1.0" encoding="UTF-8"?>
<!-- Generated by org.testng.reporters.JUnitXMLReporter -->
<testsuite ignored="0" hostname="GS-5698" failures="0" tests="2" name="Default test" time="23.16" errors="0" timestamp="2021-09-20T20:44:12 IST">
  <testcase classname="com.easy.qa.testcases.TestClickOnMsgBoxValidation" name="ClickOnMsgBox" time="5.805"/>
  <testcase classname="com.easy.qa.testcases.TestClickOnMsgBoxValidation" name="validationMsgBox" time="6.587"/>
</testsuite> <!-- Default test -->
