<?xml version="1.0" encoding="UTF-8"?>
<!-- Generated by org.testng.reporters.JUnitXMLReporter -->
<testsuite ignored="0" hostname="GS-5698" failures="0" tests="5" name="Test" time="80.922" errors="0" timestamp="2021-09-21T17:01:40 IST">
  <testcase classname="com.easy.qa.testcases.TestDownloadAndClick" name="downloadandclos" time="20.759"/>
  <testcase classname="com.easy.qa.testcases.TestNameSearchAndValidation" name="searchAndValidate" time="4.883"/>
  <testcase classname="com.easy.qa.testcases.TestNameAndComment" name="submit" time="14.033"/>
  <testcase classname="com.easy.qa.testcases.TestClickOnMsgBoxValidation" name="ClickOnMsgBox" time="6.727"/>
  <testcase classname="com.easy.qa.testcases.TestClickOnMsgBoxValidation" name="validationMsgBox" time="6.962"/>
</testsuite> <!-- Test -->
