<?xml version="1.0" encoding="UTF-8"?>
<testng-results ignored="0" total="5" passed="5" failed="0" skipped="0">
  <reporter-output>
  </reporter-output>
  <suite started-at="2021-09-21T17:00:19 IST" name="Suite" finished-at="2021-09-21T17:01:40 IST" duration-ms="80922">
    <groups>
    </groups>
    <test started-at="2021-09-21T17:00:19 IST" name="Test" finished-at="2021-09-21T17:01:40 IST" duration-ms="80922">
      <class name="com.easy.qa.testcases.TestNameSearchAndValidation">
        <test-method is-config="true" signature="setup()[pri:0, instance:com.easy.qa.testcases.TestNameSearchAndValidation@35a3d49f]" started-at="2021-09-21T17:00:48 IST" name="setup" finished-at="2021-09-21T17:00:51 IST" duration-ms="3749" status="PASS">
          <reporter-output>
          </reporter-output>
        </test-method> <!-- setup -->
        <test-method signature="searchAndValidate()[pri:0, instance:com.easy.qa.testcases.TestNameSearchAndValidation@35a3d49f]" started-at="2021-09-21T17:00:51 IST" name="searchAndValidate" finished-at="2021-09-21T17:00:56 IST" duration-ms="4883" status="PASS">
          <reporter-output>
          </reporter-output>
        </test-method> <!-- searchAndValidate -->
        <test-method is-config="true" signature="aftermethod()[pri:0, instance:com.easy.qa.testcases.TestNameSearchAndValidation@35a3d49f]" started-at="2021-09-21T17:00:56 IST" name="aftermethod" finished-at="2021-09-21T17:00:57 IST" duration-ms="303" status="PASS">
          <reporter-output>
          </reporter-output>
        </test-method> <!-- aftermethod -->
      </class> <!-- com.easy.qa.testcases.TestNameSearchAndValidation -->
      <class name="com.easy.qa.testcases.TestDownloadAndClick">
        <test-method is-config="true" signature="setup()[pri:0, instance:com.easy.qa.testcases.TestDownloadAndClick@28194a50]" started-at="2021-09-21T17:00:19 IST" name="setup" finished-at="2021-09-21T17:00:27 IST" duration-ms="7753" status="PASS">
          <reporter-output>
          </reporter-output>
        </test-method> <!-- setup -->
        <test-method signature="downloadandclos()[pri:0, instance:com.easy.qa.testcases.TestDownloadAndClick@28194a50]" started-at="2021-09-21T17:00:27 IST" name="downloadandclos" finished-at="2021-09-21T17:00:47 IST" duration-ms="20759" status="PASS">
          <reporter-output>
          </reporter-output>
        </test-method> <!-- downloadandclos -->
        <test-method is-config="true" signature="aftermethod()[pri:0, instance:com.easy.qa.testcases.TestDownloadAndClick@28194a50]" started-at="2021-09-21T17:00:47 IST" name="aftermethod" finished-at="2021-09-21T17:00:48 IST" duration-ms="300" status="PASS">
          <reporter-output>
          </reporter-output>
        </test-method> <!-- aftermethod -->
      </class> <!-- com.easy.qa.testcases.TestDownloadAndClick -->
      <class name="com.easy.qa.testcases.TestNameAndComment">
        <test-method is-config="true" signature="setup()[pri:0, instance:com.easy.qa.testcases.TestNameAndComment@389b0789]" started-at="2021-09-21T17:00:57 IST" name="setup" finished-at="2021-09-21T17:01:01 IST" duration-ms="4671" status="PASS">
          <reporter-output>
          </reporter-output>
        </test-method> <!-- setup -->
        <test-method signature="submit()[pri:0, instance:com.easy.qa.testcases.TestNameAndComment@389b0789]" started-at="2021-09-21T17:01:01 IST" name="submit" finished-at="2021-09-21T17:01:15 IST" duration-ms="14033" status="PASS">
          <reporter-output>
          </reporter-output>
        </test-method> <!-- submit -->
        <test-method is-config="true" signature="aftermethod()[pri:0, instance:com.easy.qa.testcases.TestNameAndComment@389b0789]" started-at="2021-09-21T17:01:15 IST" name="aftermethod" finished-at="2021-09-21T17:01:16 IST" duration-ms="277" status="PASS">
          <reporter-output>
          </reporter-output>
        </test-method> <!-- aftermethod -->
      </class> <!-- com.easy.qa.testcases.TestNameAndComment -->
      <class name="com.easy.qa.testcases.TestClickOnMsgBoxValidation">
        <test-method is-config="true" signature="setup()[pri:0, instance:com.easy.qa.testcases.TestClickOnMsgBoxValidation@13d9cbf5]" started-at="2021-09-21T17:01:16 IST" name="setup" finished-at="2021-09-21T17:01:20 IST" duration-ms="4541" status="PASS">
          <reporter-output>
          </reporter-output>
        </test-method> <!-- setup -->
        <test-method signature="ClickOnMsgBox()[pri:0, instance:com.easy.qa.testcases.TestClickOnMsgBoxValidation@13d9cbf5]" started-at="2021-09-21T17:01:20 IST" name="ClickOnMsgBox" finished-at="2021-09-21T17:01:27 IST" duration-ms="6727" status="PASS">
          <reporter-output>
          </reporter-output>
        </test-method> <!-- ClickOnMsgBox -->
        <test-method is-config="true" signature="tearDown()[pri:0, instance:com.easy.qa.testcases.TestClickOnMsgBoxValidation@13d9cbf5]" started-at="2021-09-21T17:01:27 IST" name="tearDown" finished-at="2021-09-21T17:01:27 IST" duration-ms="265" status="PASS">
          <reporter-output>
          </reporter-output>
        </test-method> <!-- tearDown -->
        <test-method is-config="true" signature="setup()[pri:0, instance:com.easy.qa.testcases.TestClickOnMsgBoxValidation@13d9cbf5]" started-at="2021-09-21T17:01:27 IST" name="setup" finished-at="2021-09-21T17:01:32 IST" duration-ms="5240" status="PASS">
          <reporter-output>
          </reporter-output>
        </test-method> <!-- setup -->
        <test-method signature="validationMsgBox()[pri:1, instance:com.easy.qa.testcases.TestClickOnMsgBoxValidation@13d9cbf5]" started-at="2021-09-21T17:01:32 IST" name="validationMsgBox" finished-at="2021-09-21T17:01:39 IST" duration-ms="6962" status="PASS">
          <reporter-output>
          </reporter-output>
        </test-method> <!-- validationMsgBox -->
        <test-method is-config="true" signature="tearDown()[pri:0, instance:com.easy.qa.testcases.TestClickOnMsgBoxValidation@13d9cbf5]" started-at="2021-09-21T17:01:39 IST" name="tearDown" finished-at="2021-09-21T17:01:40 IST" duration-ms="306" status="PASS">
          <reporter-output>
          </reporter-output>
        </test-method> <!-- tearDown -->
      </class> <!-- com.easy.qa.testcases.TestClickOnMsgBoxValidation -->
    </test> <!-- Test -->
  </suite> <!-- Suite -->
</testng-results>
